#
# There is insufficient memory for the Java Runtime Environment to continue.
# Native memory allocation (malloc) failed to allocate 878096 bytes for Chunk::new
# Possible reasons:
#   The system is out of physical RAM or swap space
#   The process is running with CompressedOops enabled, and the Java Heap may be blocking the growth of the native heap
# Possible solutions:
#   Reduce memory load on the system
#   Increase physical memory or swap space
#   Check if swap backing store is full
#   Decrease Java heap size (-Xmx/-Xms)
#   Decrease number of Java threads
#   Decrease Java thread stack sizes (-Xss)
#   Set larger code cache with -XX:ReservedCodeCacheSize=
#   JVM is running with Unscaled Compressed Oops mode in which the Java heap is
#     placed in the first 4GB address space. The Java Heap base address is the
#     maximum limit for the native heap growth. Please use -XX:HeapBaseMinAddress
#     to set the Java Heap base and to place the Java Heap above 4GB virtual address.
# This output file may be truncated or incomplete.
#
#  Out of Memory Error (allocation.cpp:389), pid=20852, tid=0x000000000000169c
#
# JRE version: OpenJDK Runtime Environment (8.0_242-b01) (build 1.8.0_242-release-1644-b01)
# Java VM: OpenJDK 64-Bit Server VM (25.242-b01 mixed mode windows-amd64 compressed oops)
# Failed to write core dump. Minidumps are not enabled by default on client versions of Windows
#

---------------  T H R E A D  ---------------

Current thread (0x0000000017c66800):  JavaThread "C2 CompilerThread0" daemon [_thread_in_native, id=5788, stack(0x00000000192d0000,0x00000000193d0000)]

Stack: [0x00000000192d0000,0x00000000193d0000]
[error occurred during error reporting (printing stack bounds), id 0xc0000005]

Native frames: (J=compiled Java code, j=interpreted, Vv=VM code, C=native code)


Current CompileTask:
C2: 109915 10676       4       com.android.ide.common.resources.NodeUtils::duplicateNode (315 bytes)


---------------  P R O C E S S  ---------------

Java Threads: ( => current thread )
  0x000000001a12c000 JavaThread "WorkerExecutor Queue Thread 5" [_thread_blocked, id=19360, stack(0x0000000026380000,0x0000000026480000)]
  0x000000001a132000 JavaThread "MarlinRenderer Disposer" daemon [_thread_blocked, id=6044, stack(0x0000000026280000,0x0000000026380000)]
  0x000000001a12f000 JavaThread "Java2D Disposer" daemon [_thread_blocked, id=22520, stack(0x0000000025f20000,0x0000000026020000)]
  0x000000001a131000 JavaThread "WorkerExecutor Queue Thread 4" [_thread_blocked, id=2788, stack(0x000000001d3f0000,0x000000001d4f0000)]
  0x000000001a12d800 JavaThread "WorkerExecutor Queue Thread 3" [_thread_blocked, id=18088, stack(0x00000000013e0000,0x00000000014e0000)]
  0x000000001a130800 JavaThread "WorkerExecutor Queue" [_thread_blocked, id=9136, stack(0x00000000011e0000,0x00000000012e0000)]
  0x000000001aca4800 JavaThread "Cache worker for execution history cache (C:\Users\Lenovo\AndroidStudioProjects\MyApplication\.gradle\6.1.1\executionHistory)" [_thread_blocked, id=20900, stack(0x0000000025a20000,0x0000000025b20000)]
  0x000000001aca3000 JavaThread "Execution worker for ':' Thread 3" [_thread_blocked, id=1712, stack(0x0000000025720000,0x0000000025820000)]
  0x000000001aca2000 JavaThread "Execution worker for ':' Thread 2" [_thread_blocked, id=9416, stack(0x0000000025620000,0x0000000025720000)]
  0x000000001aca0000 JavaThread "Execution worker for ':'" [_thread_in_native, id=8816, stack(0x0000000025520000,0x0000000025620000)]
  0x000000001aca0800 JavaThread "Cache worker for file content cache (C:\Users\Lenovo\AndroidStudioProjects\MyApplication\.gradle\6.1.1\fileContent)" [_thread_blocked, id=20624, stack(0x0000000024e20000,0x0000000024f20000)]
  0x000000001ac9f000 JavaThread "Cache worker for file content cache (C:\Users\Lenovo\.gradle\caches\6.1.1\fileContent)" [_thread_blocked, id=4608, stack(0x0000000023d20000,0x0000000023e20000)]
  0x000000001aca3800 JavaThread "Memory manager" [_thread_blocked, id=8996, stack(0x00000000237d0000,0x00000000238d0000)]
  0x000000001ac97800 JavaThread "Cache worker for Build Output Cleanup Cache (C:\Users\Lenovo\AndroidStudioProjects\MyApplication\.gradle\buildOutputCleanup)" [_thread_blocked, id=21584, stack(0x0000000022ed0000,0x0000000022fd0000)]
  0x000000001ac9e800 JavaThread "pool-1-thread-1" [_thread_blocked, id=19572, stack(0x0000000022bd0000,0x0000000022cd0000)]
  0x000000001ac9c000 JavaThread "Build operations Thread 4" [_thread_blocked, id=7496, stack(0x00000000226d0000,0x00000000227d0000)]
  0x000000001ac9d000 JavaThread "Build operations Thread 3" [_thread_blocked, id=19580, stack(0x00000000223a0000,0x00000000224a0000)]
  0x000000001ac98800 JavaThread "Build operations Thread 2" [_thread_blocked, id=1492, stack(0x00000000222a0000,0x00000000223a0000)]
  0x000000001ac97000 JavaThread "Build operations" [_thread_blocked, id=14488, stack(0x00000000221a0000,0x00000000222a0000)]
  0x000000001a07a000 JavaThread "Cache worker for execution history cache (C:\Users\Lenovo\.gradle\caches\6.1.1\executionHistory)" [_thread_blocked, id=10312, stack(0x00000000216a0000,0x00000000217a0000)]
  0x000000001a078800 JavaThread "Cache worker for cache directory md-rule (C:\Users\Lenovo\.gradle\caches\6.1.1\md-rule)" [_thread_blocked, id=4020, stack(0x00000000215a0000,0x00000000216a0000)]
  0x000000001a078000 JavaThread "Cache worker for cache directory md-supplier (C:\Users\Lenovo\.gradle\caches\6.1.1\md-supplier)" [_thread_blocked, id=18260, stack(0x0000000020fc0000,0x00000000210c0000)]
  0x000000001a077000 JavaThread "Cache worker for file hash cache (C:\Users\Lenovo\AndroidStudioProjects\MyApplication\.gradle\6.1.1\fileHashes)" [_thread_blocked, id=22024, stack(0x000000001fc90000,0x000000001fd90000)]
  0x000000001a075800 JavaThread "Cache worker for checksums cache (C:\Users\Lenovo\AndroidStudioProjects\MyApplication\.gradle\checksums)" [_thread_blocked, id=4560, stack(0x000000001fb90000,0x000000001fc90000)]
  0x000000001a07b800 JavaThread "Cache worker for file hash cache (C:\Users\Lenovo\.gradle\caches\6.1.1\fileHashes)" [_thread_blocked, id=5296, stack(0x000000001d9f0000,0x000000001daf0000)]
  0x000000001a076800 JavaThread "File lock request listener" [_thread_in_native, id=2524, stack(0x000000001d8f0000,0x000000001d9f0000)]
  0x000000001a07b000 JavaThread "Cache worker for journal cache (C:\Users\Lenovo\.gradle\caches\journal-1)" [_thread_blocked, id=21828, stack(0x000000001d7f0000,0x000000001d8f0000)]
  0x000000001a07c800 JavaThread "Thread-9" [_thread_blocked, id=3256, stack(0x000000001d4f0000,0x000000001d5f0000)]
  0x000000001b600800 JavaThread "Asynchronous log dispatcher for DefaultDaemonConnection: socket connection from /127.0.0.1:52073 to /127.0.0.1:52075" [_thread_blocked, id=11524, stack(0x000000001d2f0000,0x000000001d3f0000)]
  0x000000001b55d000 JavaThread "Daemon worker" [_thread_blocked, id=11964, stack(0x000000001d1f0000,0x000000001d2f0000)]
  0x000000001b55a000 JavaThread "Cancel handler" [_thread_blocked, id=17840, stack(0x000000001d0f0000,0x000000001d1f0000)]
  0x000000001b53a000 JavaThread "Handler for socket connection from /127.0.0.1:52073 to /127.0.0.1:52075" [_thread_in_native, id=10484, stack(0x000000001cdf0000,0x000000001cef0000)]
  0x000000001b531000 JavaThread "Daemon" [_thread_blocked, id=21628, stack(0x000000001ccf0000,0x000000001cdf0000)]
  0x000000001b526800 JavaThread "Daemon periodic checks" [_thread_blocked, id=2040, stack(0x000000001cbf0000,0x000000001ccf0000)]
  0x000000001b4cc800 JavaThread "Incoming local TCP Connector on port 52073" [_thread_in_native, id=18364, stack(0x000000001c9b0000,0x000000001cab0000)]
  0x000000001b46e800 JavaThread "Daemon health stats" [_thread_blocked, id=17764, stack(0x000000001c370000,0x000000001c470000)]
  0x0000000017cbc000 JavaThread "Service Thread" daemon [_thread_blocked, id=8432, stack(0x00000000199d0000,0x0000000019ad0000)]
  0x0000000017cb8000 JavaThread "C1 CompilerThread2" daemon [_thread_blocked, id=4416, stack(0x00000000194d0000,0x00000000195d0000)]
  0x0000000017c9f000 JavaThread "C2 CompilerThread1" daemon [_thread_in_native, id=16396, stack(0x00000000193d0000,0x00000000194d0000)]
=>0x0000000017c66800 JavaThread "C2 CompilerThread0" daemon [_thread_in_native, id=5788, stack(0x00000000192d0000,0x00000000193d0000)]
  0x0000000017c64000 JavaThread "Attach Listener" daemon [_thread_blocked, id=16180, stack(0x00000000191d0000,0x00000000192d0000)]
  0x0000000017c63000 JavaThread "Signal Dispatcher" daemon [_thread_blocked, id=8256, stack(0x00000000190d0000,0x00000000191d0000)]
  0x0000000002f7b000 JavaThread "Finalizer" daemon [_thread_blocked, id=22016, stack(0x0000000018ee0000,0x0000000018fe0000)]
  0x0000000017c49000 JavaThread "Reference Handler" daemon [_thread_blocked, id=14392, stack(0x0000000018de0000,0x0000000018ee0000)]
  0x000000000303e800 JavaThread "main" [_thread_blocked, id=17068, stack(0x0000000002d10000,0x0000000002e10000)]

Other Threads:
  0x0000000017c26800 VMThread [stack: 0x0000000018ce0000,0x0000000018de0000] [id=10504]
  0x0000000017cbc800 WatcherThread [stack: 0x0000000019ad0000,0x0000000019bd0000] [id=2400]

VM state:not at safepoint (normal execution)

VM Mutex/Monitor currently owned by a thread: None

heap address: 0x0000000080000000, size: 2048 MB, Compressed Oops mode: 32-bit
Narrow klass base: 0x0000000000000000, Narrow klass shift: 3
Compressed class space size: 1073741824 Address: 0x0000000100000000

Heap:
 PSYoungGen      total 274944K, used 123743K [0x00000000d5580000, 0x00000000ea500000, 0x0000000100000000)
  eden space 252416K, 49% used [0x00000000d5580000,0x00000000dce57dc0,0x00000000e4c00000)
  from space 22528K, 0% used [0x00000000e7180000,0x00000000e7180000,0x00000000e8780000)
  to   space 38400K, 0% used [0x00000000e4c00000,0x00000000e4c00000,0x00000000e7180000)
 ParOldGen       total 292864K, used 158326K [0x0000000080000000, 0x0000000091e00000, 0x00000000d5580000)
  object space 292864K, 54% used [0x0000000080000000,0x0000000089a9d900,0x0000000091e00000)
 Metaspace       used 67850K, capacity 70708K, committed 70952K, reserved 1110016K
  class space    used 9092K, capacity 9707K, committed 9776K, reserved 1048576K

Card table byte_map: [0x0000000012400000,0x0000000012810000] byte_map_base: 0x0000000012000000

Marking Bits: (ParMarkBitMap*) 0x0000000067e8f030
 Begin Bits: [0x0000000012ec0000, 0x0000000014ec0000)
 End Bits:   [0x0000000014ec0000, 0x0000000016ec0000)

Polling page: 0x00000000016c0000

CodeCache: size=245760Kb used=30231Kb max_used=30993Kb free=215528Kb
 bounds [0x0000000003040000, 0x0000000004ec0000, 0x0000000012040000]
 total_blobs=9896 nmethods=8979 adapters=830
 compilation: enabled

Compilation events (10 events):
Event: 109.763 Thread 0x0000000017cb8000 10687       3       com.android.utils.XmlUtils::toXmlAttributeValue (89 bytes)
Event: 109.764 Thread 0x0000000017cb8000 nmethod 10687 0x0000000004627310 code [0x0000000004627520, 0x00000000046281a8]
Event: 109.767 Thread 0x0000000017c9f000 nmethod 10689 0x0000000004626e90 code [0x0000000004626fe0, 0x0000000004627138]
Event: 109.767 Thread 0x0000000017c9f000 10690       4       com.android.utils.XmlUtils::toXmlAttributeValue (89 bytes)
Event: 109.777 Thread 0x0000000017c9f000 nmethod 10690 0x00000000041e9f90 code [0x00000000041ea100, 0x00000000041ea5b8]
Event: 109.777 Thread 0x0000000017c9f000 10691       4       com.android.utils.XmlUtils::append (639 bytes)
Event: 109.831 Thread 0x0000000017cb8000 10692 %     3       com.android.utils.XmlUtils::toXmlAttributeValue @ 7 (89 bytes)
Event: 109.833 Thread 0x0000000017cb8000 nmethod 10692% 0x00000000041e8b10 code [0x00000000041e8d20, 0x00000000041e99e8]
Event: 109.833 Thread 0x0000000017cb8000 10693       3       com.android.utils.XmlUtils::toXmlAttributeValue (89 bytes)
Event: 109.835 Thread 0x0000000017cb8000 nmethod 10693 0x0000000004a13ed0 code [0x0000000004a140e0, 0x0000000004a14d68]

GC Heap History (10 events):
Event: 71.553 GC heap before
{Heap before GC invocations=18 (full 4):
 PSYoungGen      total 274944K, used 22522K [0x00000000d5580000, 0x00000000ea500000, 0x0000000100000000)
  eden space 252416K, 0% used [0x00000000d5580000,0x00000000d5580000,0x00000000e4c00000)
  from space 22528K, 99% used [0x00000000e7180000,0x00000000e877e9d0,0x00000000e8780000)
  to   space 38400K, 0% used [0x00000000e4c00000,0x00000000e4c00000,0x00000000e7180000)
 ParOldGen       total 94720K, used 83872K [0x0000000080000000, 0x0000000085c80000, 0x00000000d5580000)
  object space 94720K, 88% used [0x0000000080000000,0x00000000851e8168,0x0000000085c80000)
 Metaspace       used 67527K, capacity 70386K, committed 70696K, reserved 1110016K
  class space    used 9093K, capacity 9696K, committed 9776K, reserved 1048576K
Event: 74.800 GC heap after
Heap after GC invocations=18 (full 4):
 PSYoungGen      total 274944K, used 5020K [0x00000000d5580000, 0x00000000ea500000, 0x0000000100000000)
  eden space 252416K, 0% used [0x00000000d5580000,0x00000000d5580000,0x00000000e4c00000)
  from space 22528K, 22% used [0x00000000e7180000,0x00000000e76672a0,0x00000000e8780000)
  to   space 38400K, 0% used [0x00000000e4c00000,0x00000000e4c00000,0x00000000e7180000)
 ParOldGen       total 180736K, used 94265K [0x0000000080000000, 0x000000008b080000, 0x00000000d5580000)
  object space 180736K, 52% used [0x0000000080000000,0x0000000085c0e5a8,0x000000008b080000)
 Metaspace       used 67471K, capacity 70226K, committed 70696K, reserved 1110016K
  class space    used 9075K, capacity 9664K, committed 9776K, reserved 1048576K
}
Event: 82.966 GC heap before
{Heap before GC invocations=19 (full 4):
 PSYoungGen      total 274944K, used 257436K [0x00000000d5580000, 0x00000000ea500000, 0x0000000100000000)
  eden space 252416K, 100% used [0x00000000d5580000,0x00000000e4c00000,0x00000000e4c00000)
  from space 22528K, 22% used [0x00000000e7180000,0x00000000e76672a0,0x00000000e8780000)
  to   space 38400K, 0% used [0x00000000e4c00000,0x00000000e4c00000,0x00000000e7180000)
 ParOldGen       total 180736K, used 110668K [0x0000000080000000, 0x000000008b080000, 0x00000000d5580000)
  object space 180736K, 61% used [0x0000000080000000,0x0000000086c13380,0x000000008b080000)
 Metaspace       used 67665K, capacity 70550K, committed 70952K, reserved 1110016K
  class space    used 9081K, capacity 9702K, committed 9776K, reserved 1048576K
Event: 84.271 GC heap after
Heap after GC invocations=19 (full 4):
 PSYoungGen      total 290816K, used 37947K [0x00000000d5580000, 0x00000000ea500000, 0x0000000100000000)
  eden space 252416K, 0% used [0x00000000d5580000,0x00000000d5580000,0x00000000e4c00000)
  from space 38400K, 98% used [0x00000000e4c00000,0x00000000e710edf8,0x00000000e7180000)
  to   space 22528K, 0% used [0x00000000e7180000,0x00000000e7180000,0x00000000e8780000)
 ParOldGen       total 180736K, used 169060K [0x0000000080000000, 0x000000008b080000, 0x00000000d5580000)
  object space 180736K, 93% used [0x0000000080000000,0x000000008a5191c0,0x000000008b080000)
 Metaspace       used 67665K, capacity 70550K, committed 70952K, reserved 1110016K
  class space    used 9081K, capacity 9702K, committed 9776K, reserved 1048576K
}
Event: 84.275 GC heap before
{Heap before GC invocations=20 (full 5):
 PSYoungGen      total 290816K, used 37947K [0x00000000d5580000, 0x00000000ea500000, 0x0000000100000000)
  eden space 252416K, 0% used [0x00000000d5580000,0x00000000d5580000,0x00000000e4c00000)
  from space 38400K, 98% used [0x00000000e4c00000,0x00000000e710edf8,0x00000000e7180000)
  to   space 22528K, 0% used [0x00000000e7180000,0x00000000e7180000,0x00000000e8780000)
 ParOldGen       total 180736K, used 169060K [0x0000000080000000, 0x000000008b080000, 0x00000000d5580000)
  object space 180736K, 93% used [0x0000000080000000,0x000000008a5191c0,0x000000008b080000)
 Metaspace       used 67665K, capacity 70550K, committed 70952K, reserved 1110016K
  class space    used 9081K, capacity 9702K, committed 9776K, reserved 1048576K
Event: 89.068 GC heap after
Heap after GC invocations=20 (full 5):
 PSYoungGen      total 290816K, used 0K [0x00000000d5580000, 0x00000000ea500000, 0x0000000100000000)
  eden space 252416K, 0% used [0x00000000d5580000,0x00000000d5580000,0x00000000e4c00000)
  from space 38400K, 0% used [0x00000000e4c00000,0x00000000e4c00000,0x00000000e7180000)
  to   space 22528K, 0% used [0x00000000e7180000,0x00000000e7180000,0x00000000e8780000)
 ParOldGen       total 242176K, used 118065K [0x0000000080000000, 0x000000008ec80000, 0x00000000d5580000)
  object space 242176K, 48% used [0x0000000080000000,0x000000008734c698,0x000000008ec80000)
 Metaspace       used 67665K, capacity 70550K, committed 70952K, reserved 1110016K
  class space    used 9081K, capacity 9702K, committed 9776K, reserved 1048576K
}
Event: 99.957 GC heap before
{Heap before GC invocations=21 (full 5):
 PSYoungGen      total 290816K, used 252416K [0x00000000d5580000, 0x00000000ea500000, 0x0000000100000000)
  eden space 252416K, 100% used [0x00000000d5580000,0x00000000e4c00000,0x00000000e4c00000)
  from space 38400K, 0% used [0x00000000e4c00000,0x00000000e4c00000,0x00000000e7180000)
  to   space 22528K, 0% used [0x00000000e7180000,0x00000000e7180000,0x00000000e8780000)
 ParOldGen       total 242176K, used 118121K [0x0000000080000000, 0x000000008ec80000, 0x00000000d5580000)
  object space 242176K, 48% used [0x0000000080000000,0x000000008735a6b8,0x000000008ec80000)
 Metaspace       used 67759K, capacity 70614K, committed 70952K, reserved 1110016K
  class space    used 9081K, capacity 9702K, committed 9776K, reserved 1048576K
Event: 101.626 GC heap after
Heap after GC invocations=21 (full 5):
 PSYoungGen      total 274944K, used 18832K [0x00000000d5580000, 0x00000000ea500000, 0x0000000100000000)
  eden space 252416K, 0% used [0x00000000d5580000,0x00000000d5580000,0x00000000e4c00000)
  from space 22528K, 83% used [0x00000000e7180000,0x00000000e83e4180,0x00000000e8780000)
  to   space 38400K, 0% used [0x00000000e4c00000,0x00000000e4c00000,0x00000000e7180000)
 ParOldGen       total 292864K, used 270004K [0x0000000080000000, 0x0000000091e00000, 0x00000000d5580000)
  object space 292864K, 92% used [0x0000000080000000,0x00000000907ad2e8,0x0000000091e00000)
 Metaspace       used 67759K, capacity 70614K, committed 70952K, reserved 1110016K
  class space    used 9081K, capacity 9702K, committed 9776K, reserved 1048576K
}
Event: 101.628 GC heap before
{Heap before GC invocations=22 (full 6):
 PSYoungGen      total 274944K, used 18832K [0x00000000d5580000, 0x00000000ea500000, 0x0000000100000000)
  eden space 252416K, 0% used [0x00000000d5580000,0x00000000d5580000,0x00000000e4c00000)
  from space 22528K, 83% used [0x00000000e7180000,0x00000000e83e4180,0x00000000e8780000)
  to   space 38400K, 0% used [0x00000000e4c00000,0x00000000e4c00000,0x00000000e7180000)
 ParOldGen       total 292864K, used 270004K [0x0000000080000000, 0x0000000091e00000, 0x00000000d5580000)
  object space 292864K, 92% used [0x0000000080000000,0x00000000907ad2e8,0x0000000091e00000)
 Metaspace       used 67759K, capacity 70614K, committed 70952K, reserved 1110016K
  class space    used 9081K, capacity 9702K, committed 9776K, reserved 1048576K
Event: 104.639 GC heap after
Heap after GC invocations=22 (full 6):
 PSYoungGen      total 274944K, used 0K [0x00000000d5580000, 0x00000000ea500000, 0x0000000100000000)
  eden space 252416K, 0% used [0x00000000d5580000,0x00000000d5580000,0x00000000e4c00000)
  from space 22528K, 0% used [0x00000000e7180000,0x00000000e7180000,0x00000000e8780000)
  to   space 38400K, 0% used [0x00000000e4c00000,0x00000000e4c00000,0x00000000e7180000)
 ParOldGen       total 292864K, used 158326K [0x0000000080000000, 0x0000000091e00000, 0x00000000d5580000)
  object space 292864K, 54% used [0x0000000080000000,0x0000000089a9d900,0x0000000091e00000)
 Metaspace       used 67759K, capacity 70614K, committed 70952K, reserved 1110016K
  class space    used 9081K, capacity 9702K, committed 9776K, reserved 1048576K
}

Deoptimization events (10 events):
Event: 109.640 Thread 0x000000001aca0000 Uncommon trap: reason=class_check action=maybe_recompile pc=0x0000000003dfd21c method=com.sun.org.apache.xerces.internal.dom.AttrImpl.getOwnerElement()Lorg/w3c/dom/Element; @ 18
Event: 109.641 Thread 0x000000001aca0000 Uncommon trap: reason=class_check action=maybe_recompile pc=0x0000000003dfd21c method=com.sun.org.apache.xerces.internal.dom.AttrImpl.getOwnerElement()Lorg/w3c/dom/Element; @ 18
Event: 109.641 Thread 0x000000001aca0000 Uncommon trap: reason=class_check action=maybe_recompile pc=0x0000000003dfd21c method=com.sun.org.apache.xerces.internal.dom.AttrImpl.getOwnerElement()Lorg/w3c/dom/Element; @ 18
Event: 109.641 Thread 0x000000001aca0000 Uncommon trap: reason=class_check action=maybe_recompile pc=0x0000000003dfd21c method=com.sun.org.apache.xerces.internal.dom.AttrImpl.getOwnerElement()Lorg/w3c/dom/Element; @ 18
Event: 109.709 Thread 0x000000001aca0000 Uncommon trap: reason=null_check action=make_not_entrant pc=0x0000000004b10174 method=com.sun.org.apache.xerces.internal.dom.NamedNodeMapImpl.findNamePoint(Ljava/lang/String;Ljava/lang/String;)I @ 105
Event: 109.750 Thread 0x000000001aca0000 Uncommon trap: reason=unstable_if action=reinterpret pc=0x0000000004daa8a8 method=com.android.utils.XmlUtils.toXmlAttributeValue(Ljava/lang/String;)Ljava/lang/String; @ 33
Event: 109.751 Thread 0x000000001aca0000 Uncommon trap: reason=unstable_if action=reinterpret pc=0x0000000003557b78 method=com.android.utils.XmlUtils.toXmlAttributeValue(Ljava/lang/String;)Ljava/lang/String; @ 33
Event: 109.759 Thread 0x000000001aca0000 Uncommon trap: reason=unstable_if action=reinterpret pc=0x0000000004c55244 method=com.android.utils.XmlUtils.toXmlAttributeValue(Ljava/lang/String;)Ljava/lang/String; @ 33
Event: 109.831 Thread 0x000000001aca0000 Uncommon trap: reason=unstable_if action=reinterpret pc=0x00000000041ea428 method=com.android.utils.XmlUtils.toXmlAttributeValue(Ljava/lang/String;)Ljava/lang/String; @ 27
Event: 109.878 Thread 0x000000001aca0000 Uncommon trap: reason=unstable_if action=reinterpret pc=0x0000000004da6014 method=com.android.utils.XmlUtils.append(Lcom/android/utils/XmlUtils$PositionAwareStringBuilder;Lorg/w3c/dom/Node;Ljava/util/Map;Ljava/util/Set;)V @ 540

Classes redefined (0 events):
No events

Internal exceptions (10 events):
Event: 67.242 Thread 0x000000001aca0000 Exception <a 'java/lang/NoSuchMethodError': <clinit>> (0x00000000df11a1f8) thrown at [C:\src\AOSP-openjdk-git\hotspot\src\share\vm\prims\jni.cpp, line 1615]
Event: 67.250 Thread 0x000000001aca0000 Exception <a 'java/lang/NoSuchMethodError': <clinit>> (0x00000000df137c58) thrown at [C:\src\AOSP-openjdk-git\hotspot\src\share\vm\prims\jni.cpp, line 1615]
Event: 67.255 Thread 0x000000001aca0000 Exception <a 'java/lang/NoSuchMethodError': <clinit>> (0x00000000df14ae98) thrown at [C:\src\AOSP-openjdk-git\hotspot\src\share\vm\prims\jni.cpp, line 1615]
Event: 68.126 Thread 0x000000001a12d800 Exception <a 'java/io/FileNotFoundException'> (0x00000000df941130) thrown at [C:\src\AOSP-openjdk-git\hotspot\src\share\vm\prims\jni.cpp, line 710]
Event: 68.921 Thread 0x000000001a12d800 Exception <a 'java/io/FileNotFoundException'> (0x00000000dff90e98) thrown at [C:\src\AOSP-openjdk-git\hotspot\src\share\vm\prims\jni.cpp, line 710]
Event: 69.112 Thread 0x000000001aca0000 Implicit null exception at 0x0000000004a50e99 to 0x0000000004a51305
Event: 69.119 Thread 0x000000001aca0000 Implicit null exception at 0x0000000003b0457c to 0x0000000003b04ab5
Event: 76.241 Thread 0x000000001aca0000 Implicit null exception at 0x0000000004ceff97 to 0x0000000004cf0309
Event: 109.709 Thread 0x000000001aca0000 Implicit null exception at 0x0000000004b0f3bc to 0x0000000004b10135
Event: 109.856 Thread 0x000000001aca0000 Implicit null exception at 0x0000000004da7da5 to 0x0000000004da5fe9

Events (10 events):
Event: 109.751 Thread 0x000000001aca0000 DEOPT UNPACKING pc=0x000000000308557b sp=0x000000002561ab90 mode 2
Event: 109.759 Thread 0x000000001aca0000 Uncommon trap: trap_request=0xffffff65 fr.pc=0x0000000004c55244
Event: 109.759 Thread 0x000000001aca0000 DEOPT PACKING pc=0x0000000004c55244 sp=0x000000002561abf0
Event: 109.759 Thread 0x000000001aca0000 DEOPT UNPACKING pc=0x000000000308557b sp=0x000000002561aba0 mode 2
Event: 109.831 Thread 0x000000001aca0000 Uncommon trap: trap_request=0xffffff65 fr.pc=0x00000000041ea428
Event: 109.831 Thread 0x000000001aca0000 DEOPT PACKING pc=0x00000000041ea428 sp=0x000000002561a6e0
Event: 109.831 Thread 0x000000001aca0000 DEOPT UNPACKING pc=0x000000000308557b sp=0x000000002561a668 mode 2
Event: 109.878 Thread 0x000000001aca0000 Uncommon trap: trap_request=0xffffff65 fr.pc=0x0000000004da6014
Event: 109.878 Thread 0x000000001aca0000 DEOPT PACKING pc=0x0000000004da6014 sp=0x000000002561ad30
Event: 109.879 Thread 0x000000001aca0000 DEOPT UNPACKING pc=0x000000000308557b sp=0x000000002561ad40 mode 2


Dynamic libraries:
0x00007ff699330000 - 0x00007ff699361000 	C:\Program Files\Android\Android Studio\jre\bin\java.exe
0x00007ffaea850000 - 0x00007ffaeaa45000 	C:\WINDOWS\SYSTEM32\ntdll.dll
0x00007ffae9ea0000 - 0x00007ffae9f5d000 	C:\WINDOWS\System32\KERNEL32.DLL
0x00007ffae8300000 - 0x00007ffae85c8000 	C:\WINDOWS\System32\KERNELBASE.dll
0x00007ffae9640000 - 0x00007ffae96ec000 	C:\WINDOWS\System32\ADVAPI32.dll
0x00007ffae9720000 - 0x00007ffae97be000 	C:\WINDOWS\System32\msvcrt.dll
0x00007ffae8aa0000 - 0x00007ffae8b3b000 	C:\WINDOWS\System32\sechost.dll
0x00007ffae9d60000 - 0x00007ffae9e8b000 	C:\WINDOWS\System32\RPCRT4.dll
0x00007ffae8ef0000 - 0x00007ffae9090000 	C:\WINDOWS\System32\USER32.dll
0x00007ffae7fe0000 - 0x00007ffae8002000 	C:\WINDOWS\System32\win32u.dll
0x00007ffae9610000 - 0x00007ffae963a000 	C:\WINDOWS\System32\GDI32.dll
0x00007ffae8010000 - 0x00007ffae811b000 	C:\WINDOWS\System32\gdi32full.dll
0x00007ffae8260000 - 0x00007ffae82fd000 	C:\WINDOWS\System32\msvcp_win.dll
0x00007ffae87c0000 - 0x00007ffae88c0000 	C:\WINDOWS\System32\ucrtbase.dll
0x00007ffad60f0000 - 0x00007ffad638a000 	C:\WINDOWS\WinSxS\amd64_microsoft.windows.common-controls_6595b64144ccf1df_6.0.19041.1052_none_60b8f8fd71f5e8cb\COMCTL32.dll
0x00007ffae96f0000 - 0x00007ffae9720000 	C:\WINDOWS\System32\IMM32.DLL
0x00000000665f0000 - 0x00000000666c2000 	C:\Program Files\Android\Android Studio\jre\jre\bin\msvcr100.dll
0x00000000676c0000 - 0x0000000067f0b000 	C:\Program Files\Android\Android Studio\jre\jre\bin\server\jvm.dll
0x00007ffae9d50000 - 0x00007ffae9d58000 	C:\WINDOWS\System32\PSAPI.DLL
0x00007ffacbdf0000 - 0x00007ffacbdf9000 	C:\WINDOWS\SYSTEM32\WSOCK32.dll
0x00007ffae9ce0000 - 0x00007ffae9d4b000 	C:\WINDOWS\System32\WS2_32.dll
0x00007ffade810000 - 0x00007ffade81a000 	C:\WINDOWS\SYSTEM32\VERSION.dll
0x00007ffad5e30000 - 0x00007ffad5e57000 	C:\WINDOWS\SYSTEM32\WINMM.dll
0x00007ffae04e0000 - 0x00007ffae04ef000 	C:\Program Files\Android\Android Studio\jre\jre\bin\verify.dll
0x00007ffad90f0000 - 0x00007ffad9119000 	C:\Program Files\Android\Android Studio\jre\jre\bin\java.dll
0x00007ffad90d0000 - 0x00007ffad90e6000 	C:\Program Files\Android\Android Studio\jre\jre\bin\zip.dll
0x00007ffaea040000 - 0x00007ffaea77f000 	C:\WINDOWS\System32\SHELL32.dll
0x00007ffae5d20000 - 0x00007ffae64b0000 	C:\WINDOWS\SYSTEM32\windows.storage.dll
0x00007ffae92b0000 - 0x00007ffae9605000 	C:\WINDOWS\System32\combase.dll
0x00007ffae7930000 - 0x00007ffae795c000 	C:\WINDOWS\SYSTEM32\Wldp.dll
0x00007ffae88c0000 - 0x00007ffae896e000 	C:\WINDOWS\System32\SHCORE.dll
0x00007ffae8a40000 - 0x00007ffae8a95000 	C:\WINDOWS\System32\shlwapi.dll
0x00007ffae7ed0000 - 0x00007ffae7eef000 	C:\WINDOWS\SYSTEM32\profapi.dll
0x00007ffad90b0000 - 0x00007ffad90ca000 	C:\Program Files\Android\Android Studio\jre\jre\bin\net.dll
0x00007ffae76a0000 - 0x00007ffae770a000 	C:\WINDOWS\system32\mswsock.dll
0x00007ffad8e00000 - 0x00007ffad8e13000 	C:\Program Files\Android\Android Studio\jre\jre\bin\nio.dll
0x00007ffad8c80000 - 0x00007ffad8ca6000 	C:\Users\Lenovo\.gradle\native\31\windows-amd64\native-platform.dll
0x00007ffadf880000 - 0x00007ffadf88d000 	C:\Program Files\Android\Android Studio\jre\jre\bin\management.dll
0x00007ffae7880000 - 0x00007ffae7898000 	C:\WINDOWS\SYSTEM32\CRYPTSP.dll
0x00007ffae7040000 - 0x00007ffae7074000 	C:\WINDOWS\system32\rsaenh.dll
0x00007ffae81d0000 - 0x00007ffae81f7000 	C:\WINDOWS\System32\bcrypt.dll
0x00007ffae7e50000 - 0x00007ffae7e7e000 	C:\WINDOWS\SYSTEM32\USERENV.dll
0x00007ffae8730000 - 0x00007ffae87b3000 	C:\WINDOWS\System32\bcryptprimitives.dll
0x00007ffae7870000 - 0x00007ffae787c000 	C:\WINDOWS\SYSTEM32\CRYPTBASE.dll
0x00007ffae7390000 - 0x00007ffae73cb000 	C:\WINDOWS\SYSTEM32\IPHLPAPI.DLL
0x00007ffae9e90000 - 0x00007ffae9e98000 	C:\WINDOWS\System32\NSI.dll
0x00007ffad9b30000 - 0x00007ffad9b47000 	C:\WINDOWS\SYSTEM32\dhcpcsvc6.DLL
0x00007ffad98c0000 - 0x00007ffad98dd000 	C:\WINDOWS\SYSTEM32\dhcpcsvc.DLL
0x00007ffae73d0000 - 0x00007ffae749c000 	C:\WINDOWS\SYSTEM32\DNSAPI.dll
0x00007ffaaa690000 - 0x00007ffaaa82c000 	C:\Program Files\Android\Android Studio\jre\jre\bin\awt.dll
0x00007ffae8970000 - 0x00007ffae8a3d000 	C:\WINDOWS\System32\OLEAUT32.dll
0x00007ffae5850000 - 0x00007ffae587f000 	C:\WINDOWS\SYSTEM32\dwmapi.dll
0x00007ffae3db0000 - 0x00007ffae4370000 	C:\WINDOWS\SYSTEM32\d2d1.dll
0x00007ffae50b0000 - 0x00007ffae5140000 	C:\WINDOWS\SYSTEM32\apphelp.dll
0x00007ffae5680000 - 0x00007ffae571e000 	C:\WINDOWS\system32\uxtheme.dll

VM Arguments:
jvm_args: -Xmx2048m -Dfile.encoding=windows-1254 -Duser.country=TR -Duser.language=tr -Duser.variant 
java_command: org.gradle.launcher.daemon.bootstrap.GradleDaemon 6.1.1
java_class_path (initial): C:\Users\Lenovo\.gradle\wrapper\dists\gradle-6.1.1-all\cfmwm155h49vnt3hynmlrsdst\gradle-6.1.1\lib\gradle-launcher-6.1.1.jar
Launcher Type: SUN_STANDARD

Environment Variables:
JAVA_HOME=C:\Program Files\Java\jdk1.8.0_111
PATH=C:\Program Files (x86)\NVIDIA Corporation\PhysX\Common;C:\ProgramData\Oracle\Java\javapath;C:\Program Files (x86)\Common Files\Oracle\Java\javapath;C:\WINDOWS\system32;C:\WINDOWS;C:\Program Files\Java\jdk1.8.0_111\bin;C:\WINDOWS\System32\Wbem;C:\WINDOWS\System32\WindowsPowerShell\v1.0\;C:\WINDOWS\System32\OpenSSH\;C:\wamp64\bin\php\php7.1.33;C:\ProgramData\ComposerSetup\bin;C:\ProgramData\chocolatey\bin;C:\Program Files\MATLAB\R2021a\bin;C:\Program Files\Git\cmd;C:\Users\Lenovo\AppData\Local\Microsoft\WindowsApps;C:\Users\Lenovo\AppData\Roaming\Composer\vendor\bin;C:\Users\Lenovo\AppData\Roaming\cabal\bin;C:\Program Files (x86)\Google\Chrome\Application;C:\Program Files (x86)\Google\Chrome\Application\chromedriver.exe;
USERNAME=Lenovo
OS=Windows_NT
PROCESSOR_IDENTIFIER=Intel64 Family 6 Model 142 Stepping 12, GenuineIntel



---------------  S Y S T E M  ---------------

OS: Windows 10.0 , 64 bit Build 19041 (10.0.19041.1023)

CPU:total 4 (initial active 4) (2 cores per cpu, 2 threads per core) family 6 model 142 stepping 12, cmov, cx8, fxsr, mmx, sse, sse2, sse3, ssse3, sse4.1, sse4.2, popcnt, aes, clmul, erms, 3dnowpref, lzcnt, ht, tsc, tscinvbit

Memory: 4k page, physical 4071668k(95560k free), swap 16654580k(892k free)

vm_info: OpenJDK 64-Bit Server VM (25.242-b01) for windows-amd64 JRE (1.8.0_242-release-1644-b01), built by "builder" with MS VC++ 10.0 (VS2010)

time: Mon Jun 28 00:01:23 2021
timezone: Türkiye Standart Saati
elapsed time: 109 seconds (0d 0h 1m 49s)

