#
# There is insufficient memory for the Java Runtime Environment to continue.
# Native memory allocation (malloc) failed to allocate 2795984 bytes for Chunk::new
# Possible reasons:
#   The system is out of physical RAM or swap space
#   The process is running with CompressedOops enabled, and the Java Heap may be blocking the growth of the native heap
# Possible solutions:
#   Reduce memory load on the system
#   Increase physical memory or swap space
#   Check if swap backing store is full
#   Decrease Java heap size (-Xmx/-Xms)
#   Decrease number of Java threads
#   Decrease Java thread stack sizes (-Xss)
#   Set larger code cache with -XX:ReservedCodeCacheSize=
#   JVM is running with Unscaled Compressed Oops mode in which the Java heap is
#     placed in the first 4GB address space. The Java Heap base address is the
#     maximum limit for the native heap growth. Please use -XX:HeapBaseMinAddress
#     to set the Java Heap base and to place the Java Heap above 4GB virtual address.
# This output file may be truncated or incomplete.
#
#  Out of Memory Error (allocation.cpp:389), pid=16100, tid=0x0000000000002d88
#
# JRE version: OpenJDK Runtime Environment (8.0_242-b01) (build 1.8.0_242-release-1644-b01)
# Java VM: OpenJDK 64-Bit Server VM (25.242-b01 mixed mode windows-amd64 compressed oops)
# Failed to write core dump. Minidumps are not enabled by default on client versions of Windows
#

---------------  T H R E A D  ---------------

Current thread (0x00000000175f6800):  JavaThread "C2 CompilerThread0" daemon [_thread_in_native, id=11656, stack(0x0000000018c40000,0x0000000018d40000)]

Stack: [0x0000000018c40000,0x0000000018d40000]
[error occurred during error reporting (printing stack bounds), id 0xc0000005]

Native frames: (J=compiled Java code, j=interpreted, Vv=VM code, C=native code)


Current CompileTask:
C2:1929845 16572 %     4       org.objectweb.asm.ClassReader::readCode @ 2165 (5089 bytes)


---------------  P R O C E S S  ---------------

Java Threads: ( => current thread )
  0x000000002126d800 JavaThread "ForkJoinPool.commonPool-worker-3" daemon [_thread_in_Java, id=1416, stack(0x0000000029bb0000,0x0000000029cb0000)]
  0x000000002126a800 JavaThread "ForkJoinPool.commonPool-worker-2" daemon [_thread_in_native, id=3612, stack(0x00000000290d0000,0x00000000291d0000)]
  0x000000002126c000 JavaThread "ForkJoinPool.commonPool-worker-1" daemon [_thread_in_native, id=12476, stack(0x000000001ca60000,0x000000001cb60000)]
  0x000000001e926000 JavaThread "Cache worker for Java compile cache (C:\Users\Lenovo\AndroidStudioProjects\MyApplication\.gradle\6.1.1\javaCompile)" [_thread_blocked, id=13224, stack(0x0000000028fd0000,0x00000000290d0000)]
  0x000000001b52b800 JavaThread "Cache worker for Java compile cache (C:\Users\Lenovo\.gradle\caches\6.1.1\javaCompile)" [_thread_blocked, id=16192, stack(0x00000000292b0000,0x00000000293b0000)]
  0x000000001b52b000 JavaThread "WorkerExecutor Queue Thread 2" [_thread_blocked, id=13908, stack(0x0000000028ed0000,0x0000000028fd0000)]
  0x000000001b52a000 JavaThread "stdout" [_thread_in_native, id=12860, stack(0x0000000028dd0000,0x0000000028ed0000)]
  0x000000001b528800 JavaThread "stderr" [_thread_in_native, id=2888, stack(0x0000000028cd0000,0x0000000028dd0000)]
  0x000000001b529800 JavaThread "pool-4-thread-1" [_thread_blocked, id=17448, stack(0x0000000028bd0000,0x0000000028cd0000)]
  0x000000001b52d000 JavaThread "WorkerExecutor Queue" [_thread_blocked, id=13620, stack(0x0000000028ad0000,0x0000000028bd0000)]
  0x000000001b528000 JavaThread "Cache worker for execution history cache (C:\Users\Lenovo\AndroidStudioProjects\MyApplication\.gradle\6.1.1\executionHistory)" [_thread_blocked, id=5764, stack(0x00000000287d0000,0x00000000288d0000)]
  0x000000001b523000 JavaThread "Execution worker for ':' Thread 3" [_thread_blocked, id=5932, stack(0x00000000286d0000,0x00000000287d0000)]
  0x000000001b527000 JavaThread "Execution worker for ':' Thread 2" [_thread_blocked, id=7080, stack(0x0000000024ed0000,0x0000000024fd0000)]
  0x000000001b526000 JavaThread "Execution worker for ':'" [_thread_blocked, id=12116, stack(0x0000000022ff0000,0x00000000230f0000)]
  0x000000001b51e000 JavaThread "Cache worker for file content cache (C:\Users\Lenovo\AndroidStudioProjects\MyApplication\.gradle\6.1.1\fileContent)" [_thread_blocked, id=16312, stack(0x00000000285d0000,0x00000000286d0000)]
  0x000000001b520000 JavaThread "Cache worker for file content cache (C:\Users\Lenovo\.gradle\caches\6.1.1\fileContent)" [_thread_blocked, id=2172, stack(0x0000000026aa0000,0x0000000026ba0000)]
  0x000000001b51f800 JavaThread "Memory manager" [_thread_blocked, id=5940, stack(0x0000000022ef0000,0x0000000022ff0000)]
  0x000000001b51e800 JavaThread "Cache worker for Build Output Cleanup Cache (C:\Users\Lenovo\AndroidStudioProjects\MyApplication\.gradle\buildOutputCleanup)" [_thread_blocked, id=14692, stack(0x0000000022bf0000,0x0000000022cf0000)]
  0x000000001b524000 JavaThread "pool-3-thread-1" [_thread_blocked, id=13368, stack(0x0000000022420000,0x0000000022520000)]
  0x000000001b524800 JavaThread "Build operations Thread 4" [_thread_blocked, id=10720, stack(0x0000000020e70000,0x0000000020f70000)]
  0x000000001b521000 JavaThread "Build operations Thread 3" [_thread_blocked, id=10436, stack(0x0000000020b00000,0x0000000020c00000)]
  0x000000001e920800 JavaThread "Build operations Thread 2" [_thread_blocked, id=14176, stack(0x0000000020570000,0x0000000020670000)]
  0x000000001e920000 JavaThread "Build operations" [_thread_blocked, id=14812, stack(0x000000001fd70000,0x000000001fe70000)]
  0x000000001e923800 JavaThread "Cache worker for cache directory md-rule (C:\Users\Lenovo\.gradle\caches\6.1.1\md-rule)" [_thread_blocked, id=2804, stack(0x000000001fc70000,0x000000001fd70000)]
  0x000000001e923000 JavaThread "Cache worker for cache directory md-supplier (C:\Users\Lenovo\.gradle\caches\6.1.1\md-supplier)" [_thread_blocked, id=16032, stack(0x000000001e530000,0x000000001e630000)]
  0x000000001e91d800 JavaThread "Cache worker for file hash cache (C:\Users\Lenovo\AndroidStudioProjects\MyApplication\.gradle\6.1.1\fileHashes)" [_thread_blocked, id=10792, stack(0x000000001e430000,0x000000001e530000)]
  0x000000001e91e800 JavaThread "Cache worker for checksums cache (C:\Users\Lenovo\AndroidStudioProjects\MyApplication\.gradle\checksums)" [_thread_blocked, id=6036, stack(0x000000001ce60000,0x000000001cf60000)]
  0x000000001e918800 JavaThread "Thread-28" [_thread_blocked, id=7476, stack(0x000000001cb60000,0x000000001cc60000)]
  0x000000001b4fe800 JavaThread "Asynchronous log dispatcher for DefaultDaemonConnection: socket connection from /127.0.0.1:51917 to /127.0.0.1:54024" [_thread_blocked, id=12660, stack(0x000000001c760000,0x000000001c860000)]
  0x000000001b504000 JavaThread "Daemon worker Thread 2" [_thread_blocked, id=17948, stack(0x000000001c660000,0x000000001c760000)]
  0x000000001b502800 JavaThread "Cancel handler" [_thread_blocked, id=13248, stack(0x0000000000dc0000,0x0000000000ec0000)]
  0x000000001b501800 JavaThread "Handler for socket connection from /127.0.0.1:51917 to /127.0.0.1:54024" [_thread_in_native, id=3292, stack(0x0000000000cc0000,0x0000000000dc0000)]
  0x000000001b500000 JavaThread "Daemon Thread 2" [_thread_blocked, id=3652, stack(0x0000000000bc0000,0x0000000000cc0000)]
  0x000000001b503000 JavaThread "Cache worker for execution history cache (C:\Users\Lenovo\.gradle\caches\6.1.1\executionHistory)" [_thread_blocked, id=17844, stack(0x000000001fe70000,0x000000001ff70000)]
  0x000000001b4ff800 JavaThread "Cache worker for file hash cache (C:\Users\Lenovo\.gradle\caches\6.1.1\fileHashes)" [_thread_blocked, id=9056, stack(0x000000001d360000,0x000000001d460000)]
  0x000000001b501000 JavaThread "File lock request listener" [_thread_in_native, id=8004, stack(0x000000001d260000,0x000000001d360000)]
  0x000000001b536000 JavaThread "Cache worker for journal cache (C:\Users\Lenovo\.gradle\caches\journal-1)" [_thread_blocked, id=16348, stack(0x000000001d160000,0x000000001d260000)]
  0x000000001afc8000 JavaThread "Daemon periodic checks" [_thread_blocked, id=1368, stack(0x000000001c560000,0x000000001c660000)]
  0x000000001af6c000 JavaThread "Incoming local TCP Connector on port 51917" [_thread_in_native, id=13256, stack(0x000000001c320000,0x000000001c420000)]
  0x000000001ae3b000 JavaThread "Daemon health stats" [_thread_blocked, id=9152, stack(0x000000001bce0000,0x000000001bde0000)]
  0x000000001764e800 JavaThread "Service Thread" daemon [_thread_blocked, id=14540, stack(0x0000000019340000,0x0000000019440000)]
  0x000000001760a800 JavaThread "C1 CompilerThread2" daemon [_thread_in_vm, id=11268, stack(0x0000000018e40000,0x0000000018f40000)]
  0x00000000175f9000 JavaThread "C2 CompilerThread1" daemon [_thread_in_native, id=2860, stack(0x0000000018d40000,0x0000000018e40000)]
=>0x00000000175f6800 JavaThread "C2 CompilerThread0" daemon [_thread_in_native, id=11656, stack(0x0000000018c40000,0x0000000018d40000)]
  0x00000000175f4000 JavaThread "Attach Listener" daemon [_thread_blocked, id=12360, stack(0x0000000018b40000,0x0000000018c40000)]
  0x00000000175f3000 JavaThread "Signal Dispatcher" daemon [_thread_blocked, id=14748, stack(0x0000000018a40000,0x0000000018b40000)]
  0x00000000028db000 JavaThread "Finalizer" daemon [_thread_blocked, id=1472, stack(0x0000000018850000,0x0000000018950000)]
  0x00000000175d9000 JavaThread "Reference Handler" daemon [_thread_blocked, id=1912, stack(0x0000000018750000,0x0000000018850000)]
  0x00000000029ce800 JavaThread "main" [_thread_blocked, id=8776, stack(0x0000000002660000,0x0000000002760000)]

Other Threads:
  0x00000000175b6800 VMThread [stack: 0x0000000018650000,0x0000000018750000] [id=10548]
  0x0000000018f81800 WatcherThread [stack: 0x0000000019440000,0x0000000019540000] [id=6136]

VM state:not at safepoint (normal execution)

VM Mutex/Monitor currently owned by a thread: None

heap address: 0x0000000080000000, size: 2048 MB, Compressed Oops mode: 32-bit
Narrow klass base: 0x0000000000000000, Narrow klass shift: 3
Compressed class space size: 1073741824 Address: 0x0000000100000000

Heap:
 PSYoungGen      total 439808K, used 272078K [0x00000000d5580000, 0x00000000f3880000, 0x0000000100000000)
  eden space 416256K, 59% used [0x00000000d5580000,0x00000000e48985f8,0x00000000eec00000)
  from space 23552K, 98% used [0x00000000f2180000,0x00000000f381b308,0x00000000f3880000)
  to   space 35840K, 0% used [0x00000000ef280000,0x00000000ef280000,0x00000000f1580000)
 ParOldGen       total 136192K, used 82757K [0x0000000080000000, 0x0000000088500000, 0x00000000d5580000)
  object space 136192K, 60% used [0x0000000080000000,0x00000000850d1768,0x0000000088500000)
 Metaspace       used 97605K, capacity 101600K, committed 101808K, reserved 1138688K
  class space    used 12588K, capacity 13407K, committed 13488K, reserved 1048576K

Card table byte_map: [0x0000000011d90000,0x00000000121a0000] byte_map_base: 0x0000000011990000

Marking Bits: (ParMarkBitMap*) 0x000000005a64f030
 Begin Bits: [0x0000000012850000, 0x0000000014850000)
 End Bits:   [0x0000000014850000, 0x0000000016850000)

Polling page: 0x0000000000a40000

CodeCache: size=245760Kb used=49454Kb max_used=49640Kb free=196305Kb
 bounds [0x00000000029d0000, 0x0000000005ad0000, 0x00000000119d0000]
 total_blobs=14820 nmethods=13898 adapters=834
 compilation: enabled

Compilation events (10 events):
Event: 1928.702 Thread 0x000000001760a800 16618       2       org.objectweb.asm.MethodVisitor::visitTryCatchBlock (20 bytes)
Event: 1928.703 Thread 0x000000001760a800 nmethod 16618 0x0000000005035050 code [0x00000000050351c0, 0x0000000005035348]
Event: 1929.237 Thread 0x00000000175f9000 nmethod 16583 0x0000000005aa4790 code [0x0000000005aa5b80, 0x0000000005ab0260]
Event: 1929.283 Thread 0x000000001760a800 16621 %     2       org.objectweb.asm.ClassReader::readMethod @ 757 (1047 bytes)
Event: 1929.303 Thread 0x000000001760a800 nmethod 16621% 0x000000000467c990 code [0x000000000467ce80, 0x000000000467fc38]
Event: 1929.394 Thread 0x000000001760a800 16623       2       org.objectweb.asm.ClassReader::readLong (29 bytes)
Event: 1929.394 Thread 0x000000001760a800 nmethod 16623 0x00000000042c9250 code [0x00000000042c93c0, 0x00000000042c9598]
Event: 1929.471 Thread 0x00000000175f9000 16622       4       org.objectweb.asm.ClassReader::readMethod (1047 bytes)
Event: 1929.500 Thread 0x000000001760a800 16624 %     3       org.objectweb.asm.ClassReader::readParameterAnnotations @ 36 (106 bytes)
Event: 1929.501 Thread 0x000000001760a800 nmethod 16624% 0x00000000039e4710 code [0x00000000039e4900, 0x00000000039e52d8]

GC Heap History (10 events):
Event: 29.119 GC heap before
{Heap before GC invocations=16 (full 3):
 PSYoungGen      total 288256K, used 271360K [0x00000000d5580000, 0x00000000e8480000, 0x0000000100000000)
  eden space 271360K, 100% used [0x00000000d5580000,0x00000000e5e80000,0x00000000e5e80000)
  from space 16896K, 0% used [0x00000000e7280000,0x00000000e7280000,0x00000000e8300000)
  to   space 19456K, 0% used [0x00000000e5e80000,0x00000000e5e80000,0x00000000e7180000)
 ParOldGen       total 78336K, used 38524K [0x0000000080000000, 0x0000000084c80000, 0x00000000d5580000)
  object space 78336K, 49% used [0x0000000080000000,0x000000008259f070,0x0000000084c80000)
 Metaspace       used 72453K, capacity 75182K, committed 75440K, reserved 1114112K
  class space    used 9912K, capacity 10549K, committed 10672K, reserved 1048576K
Event: 29.205 GC heap after
Heap after GC invocations=16 (full 3):
 PSYoungGen      total 290816K, used 19441K [0x00000000d5580000, 0x00000000edd80000, 0x0000000100000000)
  eden space 271360K, 0% used [0x00000000d5580000,0x00000000d5580000,0x00000000e5e80000)
  from space 19456K, 99% used [0x00000000e5e80000,0x00000000e717c408,0x00000000e7180000)
  to   space 24576K, 0% used [0x00000000ec580000,0x00000000ec580000,0x00000000edd80000)
 ParOldGen       total 78336K, used 44644K [0x0000000080000000, 0x0000000084c80000, 0x00000000d5580000)
  object space 78336K, 56% used [0x0000000080000000,0x0000000082b992f8,0x0000000084c80000)
 Metaspace       used 72453K, capacity 75182K, committed 75440K, reserved 1114112K
  class space    used 9912K, capacity 10549K, committed 10672K, reserved 1048576K
}
Event: 40.371 GC heap before
{Heap before GC invocations=17 (full 3):
 PSYoungGen      total 290816K, used 290801K [0x00000000d5580000, 0x00000000edd80000, 0x0000000100000000)
  eden space 271360K, 100% used [0x00000000d5580000,0x00000000e5e80000,0x00000000e5e80000)
  from space 19456K, 99% used [0x00000000e5e80000,0x00000000e717c408,0x00000000e7180000)
  to   space 24576K, 0% used [0x00000000ec580000,0x00000000ec580000,0x00000000edd80000)
 ParOldGen       total 78336K, used 44644K [0x0000000080000000, 0x0000000084c80000, 0x00000000d5580000)
  object space 78336K, 56% used [0x0000000080000000,0x0000000082b992f8,0x0000000084c80000)
 Metaspace       used 80563K, capacity 83788K, committed 84016K, reserved 1122304K
  class space    used 10825K, capacity 11498K, committed 11568K, reserved 1048576K
Event: 40.450 GC heap after
Heap after GC invocations=17 (full 3):
 PSYoungGen      total 365568K, used 17714K [0x00000000d5580000, 0x00000000ed980000, 0x0000000100000000)
  eden space 345088K, 0% used [0x00000000d5580000,0x00000000d5580000,0x00000000ea680000)
  from space 20480K, 86% used [0x00000000ec580000,0x00000000ed6cca50,0x00000000ed980000)
  to   space 26112K, 0% used [0x00000000ea680000,0x00000000ea680000,0x00000000ec000000)
 ParOldGen       total 78336K, used 59909K [0x0000000080000000, 0x0000000084c80000, 0x00000000d5580000)
  object space 78336K, 76% used [0x0000000080000000,0x0000000083a81680,0x0000000084c80000)
 Metaspace       used 80563K, capacity 83788K, committed 84016K, reserved 1122304K
  class space    used 10825K, capacity 11498K, committed 11568K, reserved 1048576K
}
Event: 44.553 GC heap before
{Heap before GC invocations=18 (full 3):
 PSYoungGen      total 365568K, used 362746K [0x00000000d5580000, 0x00000000ed980000, 0x0000000100000000)
  eden space 345088K, 99% used [0x00000000d5580000,0x00000000ea671e78,0x00000000ea680000)
  from space 20480K, 86% used [0x00000000ec580000,0x00000000ed6cca50,0x00000000ed980000)
  to   space 26112K, 0% used [0x00000000ea680000,0x00000000ea680000,0x00000000ec000000)
 ParOldGen       total 78336K, used 59909K [0x0000000080000000, 0x0000000084c80000, 0x00000000d5580000)
  object space 78336K, 76% used [0x0000000080000000,0x0000000083a81680,0x0000000084c80000)
 Metaspace       used 83481K, capacity 87028K, committed 87216K, reserved 1124352K
  class space    used 11140K, capacity 11881K, committed 11952K, reserved 1048576K
Event: 44.613 GC heap after
Heap after GC invocations=18 (full 3):
 PSYoungGen      total 371200K, used 26089K [0x00000000d5580000, 0x00000000f4300000, 0x0000000100000000)
  eden space 345088K, 0% used [0x00000000d5580000,0x00000000d5580000,0x00000000ea680000)
  from space 26112K, 99% used [0x00000000ea680000,0x00000000ebffa648,0x00000000ec000000)
  to   space 34304K, 0% used [0x00000000f2180000,0x00000000f2180000,0x00000000f4300000)
 ParOldGen       total 78336K, used 70527K [0x0000000080000000, 0x0000000084c80000, 0x00000000d5580000)
  object space 78336K, 90% used [0x0000000080000000,0x00000000844dfce8,0x0000000084c80000)
 Metaspace       used 83481K, capacity 87028K, committed 87216K, reserved 1124352K
  class space    used 11140K, capacity 11881K, committed 11952K, reserved 1048576K
}
Event: 44.613 GC heap before
{Heap before GC invocations=19 (full 4):
 PSYoungGen      total 371200K, used 26089K [0x00000000d5580000, 0x00000000f4300000, 0x0000000100000000)
  eden space 345088K, 0% used [0x00000000d5580000,0x00000000d5580000,0x00000000ea680000)
  from space 26112K, 99% used [0x00000000ea680000,0x00000000ebffa648,0x00000000ec000000)
  to   space 34304K, 0% used [0x00000000f2180000,0x00000000f2180000,0x00000000f4300000)
 ParOldGen       total 78336K, used 70527K [0x0000000080000000, 0x0000000084c80000, 0x00000000d5580000)
  object space 78336K, 90% used [0x0000000080000000,0x00000000844dfce8,0x0000000084c80000)
 Metaspace       used 83481K, capacity 87028K, committed 87216K, reserved 1124352K
  class space    used 11140K, capacity 11881K, committed 11952K, reserved 1048576K
Event: 45.432 GC heap after
Heap after GC invocations=19 (full 4):
 PSYoungGen      total 371200K, used 4408K [0x00000000d5580000, 0x00000000f4300000, 0x0000000100000000)
  eden space 345088K, 0% used [0x00000000d5580000,0x00000000d5580000,0x00000000ea680000)
  from space 26112K, 16% used [0x00000000ea680000,0x00000000eaace2c0,0x00000000ec000000)
  to   space 34304K, 0% used [0x00000000f2180000,0x00000000f2180000,0x00000000f4300000)
 ParOldGen       total 136192K, used 78144K [0x0000000080000000, 0x0000000088500000, 0x00000000d5580000)
  object space 136192K, 57% used [0x0000000080000000,0x0000000084c502f8,0x0000000088500000)
 Metaspace       used 83345K, capacity 86628K, committed 87216K, reserved 1124352K
  class space    used 11094K, capacity 11799K, committed 11952K, reserved 1048576K
}
Event: 1895.499 GC heap before
{Heap before GC invocations=20 (full 4):
 PSYoungGen      total 371200K, used 349496K [0x00000000d5580000, 0x00000000f4300000, 0x0000000100000000)
  eden space 345088K, 100% used [0x00000000d5580000,0x00000000ea680000,0x00000000ea680000)
  from space 26112K, 16% used [0x00000000ea680000,0x00000000eaace2c0,0x00000000ec000000)
  to   space 34304K, 0% used [0x00000000f2180000,0x00000000f2180000,0x00000000f4300000)
 ParOldGen       total 136192K, used 78144K [0x0000000080000000, 0x0000000088500000, 0x00000000d5580000)
  object space 136192K, 57% used [0x0000000080000000,0x0000000084c502f8,0x0000000088500000)
 Metaspace       used 90098K, capacity 93934K, committed 94128K, reserved 1130496K
  class space    used 11782K, capacity 12618K, committed 12720K, reserved 1048576K
Event: 1898.797 GC heap after
Heap after GC invocations=20 (full 4):
 PSYoungGen      total 439808K, used 23148K [0x00000000d5580000, 0x00000000f3880000, 0x0000000100000000)
  eden space 416256K, 0% used [0x00000000d5580000,0x00000000d5580000,0x00000000eec00000)
  from space 23552K, 98% used [0x00000000f2180000,0x00000000f381b308,0x00000000f3880000)
  to   space 35840K, 0% used [0x00000000ef280000,0x00000000ef280000,0x00000000f1580000)
 ParOldGen       total 136192K, used 82757K [0x0000000080000000, 0x0000000088500000, 0x00000000d5580000)
  object space 136192K, 60% used [0x0000000080000000,0x00000000850d1768,0x0000000088500000)
 Metaspace       used 90098K, capacity 93934K, committed 94128K, reserved 1130496K
  class space    used 11782K, capacity 12618K, committed 12720K, reserved 1048576K
}

Deoptimization events (10 events):
Event: 1928.251 Thread 0x000000002126a800 Uncommon trap: reason=unstable_if action=reinterpret pc=0x0000000005093498 method=org.objectweb.asm.MethodVisitor.visitFieldInsn(ILjava/lang/String;Ljava/lang/String;Ljava/lang/String;)V @ 4
Event: 1928.251 Thread 0x000000002126d800 Uncommon trap: reason=bimorphic action=maybe_recompile pc=0x000000000480ee8c method=org.objectweb.asm.ClassReader.readMethod(Lorg/objectweb/asm/ClassVisitor;Lorg/objectweb/asm/Context;I)I @ 515
Event: 1928.257 Thread 0x000000002126d800 Uncommon trap: reason=bimorphic action=maybe_recompile pc=0x00000000047ac088 method=org.objectweb.asm.Label.accept(Lorg/objectweb/asm/MethodVisitor;Z)V @ 2
Event: 1928.261 Thread 0x000000002126d800 Uncommon trap: reason=bimorphic action=maybe_recompile pc=0x00000000047ac088 method=org.objectweb.asm.Label.accept(Lorg/objectweb/asm/MethodVisitor;Z)V @ 2
Event: 1928.261 Thread 0x000000002126d800 Uncommon trap: reason=bimorphic action=maybe_recompile pc=0x00000000047ac088 method=org.objectweb.asm.Label.accept(Lorg/objectweb/asm/MethodVisitor;Z)V @ 2
Event: 1928.261 Thread 0x000000002126d800 Uncommon trap: reason=bimorphic action=maybe_recompile pc=0x00000000047ac088 method=org.objectweb.asm.Label.accept(Lorg/objectweb/asm/MethodVisitor;Z)V @ 2
Event: 1928.277 Thread 0x000000002126d800 Uncommon trap: reason=predicate action=maybe_recompile pc=0x000000000485f7ac method=org.objectweb.asm.ClassReader.readCode(Lorg/objectweb/asm/MethodVisitor;Lorg/objectweb/asm/Context;I)V @ 1420
Event: 1928.496 Thread 0x000000002126a800 Uncommon trap: reason=unstable_if action=reinterpret pc=0x00000000045eff10 method=org.objectweb.asm.ClassReader.readUtf(II[C)Ljava/lang/String; @ 41
Event: 1929.282 Thread 0x000000002126d800 Uncommon trap: reason=bimorphic action=maybe_recompile pc=0x0000000005aa8fa0 method=org.objectweb.asm.ClassReader.readMethod(Lorg/objectweb/asm/ClassVisitor;Lorg/objectweb/asm/Context;I)I @ 722
Event: 1929.282 Thread 0x000000002126d800 Uncommon trap: reason=bimorphic action=maybe_recompile pc=0x0000000005aa8fa0 method=org.objectweb.asm.ClassReader.readMethod(Lorg/objectweb/asm/ClassVisitor;Lorg/objectweb/asm/Context;I)I @ 722

Classes redefined (0 events):
No events

Internal exceptions (10 events):
Event: 1902.432 Thread 0x000000001b526000 Exception <a 'sun/nio/fs/WindowsException'> (0x00000000d890fa38) thrown at [C:\src\AOSP-openjdk-git\hotspot\src\share\vm\prims\jni.cpp, line 710]
Event: 1902.433 Thread 0x000000001b526000 Exception <a 'sun/nio/fs/WindowsException'> (0x00000000d8910778) thrown at [C:\src\AOSP-openjdk-git\hotspot\src\share\vm\prims\jni.cpp, line 710]
Event: 1902.435 Thread 0x000000001b526000 Exception <a 'sun/nio/fs/WindowsException'> (0x00000000d8912798) thrown at [C:\src\AOSP-openjdk-git\hotspot\src\share\vm\prims\jni.cpp, line 710]
Event: 1902.435 Thread 0x000000001b526000 Exception <a 'sun/nio/fs/WindowsException'> (0x00000000d8913478) thrown at [C:\src\AOSP-openjdk-git\hotspot\src\share\vm\prims\jni.cpp, line 710]
Event: 1902.436 Thread 0x000000001b526000 Exception <a 'sun/nio/fs/WindowsException'> (0x00000000d89141c8) thrown at [C:\src\AOSP-openjdk-git\hotspot\src\share\vm\prims\jni.cpp, line 710]
Event: 1921.021 Thread 0x000000001e918800 Exception <a 'java/lang/NoSuchMethodError': <clinit>> (0x00000000d559a818) thrown at [C:\src\AOSP-openjdk-git\hotspot\src\share\vm\prims\jni.cpp, line 1615]
Event: 1928.227 Thread 0x000000002126a800 Exception <a 'sun/nio/fs/WindowsException'> (0x00000000e1f59058) thrown at [C:\src\AOSP-openjdk-git\hotspot\src\share\vm\prims\jni.cpp, line 710]
Event: 1928.240 Thread 0x000000002126a800 Exception <a 'java/lang/NoSuchMethodError': java.lang.Object.lambda$static$0(Ljava/lang/String;)Z> (0x00000000e1f642d0) thrown at [C:\src\AOSP-openjdk-git\hotspot\src\share\vm\interpreter\linkResolver.cpp, line 620]
Event: 1928.251 Thread 0x000000002126d800 Implicit null exception at 0x0000000005092e60 to 0x0000000005093479
Event: 1928.251 Thread 0x000000002126a800 Implicit null exception at 0x0000000005092e60 to 0x0000000005093479

Events (10 events):
Event: 1928.496 Thread 0x000000002126a800 Uncommon trap: trap_request=0xffffff65 fr.pc=0x00000000045eff10
Event: 1928.496 Thread 0x000000002126a800 DEOPT PACKING pc=0x00000000045eff10 sp=0x00000000291ce4d0
Event: 1928.496 Thread 0x000000002126a800 DEOPT UNPACKING pc=0x0000000002a1557b sp=0x00000000291ce3a0 mode 2
Event: 1929.282 Thread 0x000000002126d800 Uncommon trap: trap_request=0xffffffc6 fr.pc=0x0000000005aa8fa0
Event: 1929.282 Thread 0x000000002126d800 DEOPT PACKING pc=0x0000000005aa8fa0 sp=0x0000000029cae820
Event: 1929.282 Thread 0x000000002126d800 DEOPT UNPACKING pc=0x0000000002a1557b sp=0x0000000029cae7e8 mode 2
Event: 1929.282 Thread 0x000000002126d800 Uncommon trap: trap_request=0xffffffc6 fr.pc=0x0000000005aa8fa0
Event: 1929.282 Thread 0x000000002126d800 DEOPT PACKING pc=0x0000000005aa8fa0 sp=0x0000000029cae820
Event: 1929.283 Thread 0x000000002126d800 DEOPT UNPACKING pc=0x0000000002a1557b sp=0x0000000029cae7e8 mode 2
Event: 1929.428 Thread 0x00000000175f9000 flushing nmethod 0x0000000002b7cf90


Dynamic libraries:
0x00007ff682e80000 - 0x00007ff682eb1000 	C:\Program Files\Android\Android Studio\jre\bin\java.exe
0x00007ff9b7710000 - 0x00007ff9b7905000 	C:\WINDOWS\SYSTEM32\ntdll.dll
0x00007ff9b5ab0000 - 0x00007ff9b5b6d000 	C:\WINDOWS\System32\KERNEL32.DLL
0x00007ff9b54a0000 - 0x00007ff9b5768000 	C:\WINDOWS\System32\KERNELBASE.dll
0x00007ff9b6310000 - 0x00007ff9b63bc000 	C:\WINDOWS\System32\ADVAPI32.dll
0x00007ff9b60b0000 - 0x00007ff9b614e000 	C:\WINDOWS\System32\msvcrt.dll
0x00007ff9b6010000 - 0x00007ff9b60ab000 	C:\WINDOWS\System32\sechost.dll
0x00007ff9b7060000 - 0x00007ff9b718b000 	C:\WINDOWS\System32\RPCRT4.dll
0x00007ff9b5d30000 - 0x00007ff9b5ed0000 	C:\WINDOWS\System32\USER32.dll
0x00007ff9b4f30000 - 0x00007ff9b4f52000 	C:\WINDOWS\System32\win32u.dll
0x00007ff9b5a80000 - 0x00007ff9b5aaa000 	C:\WINDOWS\System32\GDI32.dll
0x00007ff9b4f60000 - 0x00007ff9b506b000 	C:\WINDOWS\System32\gdi32full.dll
0x00007ff9b53b0000 - 0x00007ff9b544d000 	C:\WINDOWS\System32\msvcp_win.dll
0x00007ff9b5280000 - 0x00007ff9b5380000 	C:\WINDOWS\System32\ucrtbase.dll
0x00007ff9a31c0000 - 0x00007ff9a345a000 	C:\WINDOWS\WinSxS\amd64_microsoft.windows.common-controls_6595b64144ccf1df_6.0.19041.844_none_ca00b6081b84eb1d\COMCTL32.dll
0x00007ff9b6200000 - 0x00007ff9b6230000 	C:\WINDOWS\System32\IMM32.DLL
0x0000000059cc0000 - 0x0000000059d92000 	C:\Program Files\Android\Android Studio\jre\jre\bin\msvcr100.dll
0x0000000059e80000 - 0x000000005a6cb000 	C:\Program Files\Android\Android Studio\jre\jre\bin\server\jvm.dll
0x00007ff9b6480000 - 0x00007ff9b6488000 	C:\WINDOWS\System32\PSAPI.DLL
0x00007ff9a9730000 - 0x00007ff9a973a000 	C:\WINDOWS\SYSTEM32\VERSION.dll
0x00007ff9a27e0000 - 0x00007ff9a2807000 	C:\WINDOWS\SYSTEM32\WINMM.dll
0x00007ff98f3f0000 - 0x00007ff98f3f9000 	C:\WINDOWS\SYSTEM32\WSOCK32.dll
0x00007ff9b5b90000 - 0x00007ff9b5bfb000 	C:\WINDOWS\System32\ws2_32.DLL
0x00007ff9ae070000 - 0x00007ff9ae07f000 	C:\Program Files\Android\Android Studio\jre\jre\bin\verify.dll
0x00007ff98db40000 - 0x00007ff98db69000 	C:\Program Files\Android\Android Studio\jre\jre\bin\java.dll
0x00007ff98a220000 - 0x00007ff98a236000 	C:\Program Files\Android\Android Studio\jre\jre\bin\zip.dll
0x00007ff9b6490000 - 0x00007ff9b6bd2000 	C:\WINDOWS\System32\SHELL32.dll
0x00007ff9b2f70000 - 0x00007ff9b3701000 	C:\WINDOWS\SYSTEM32\windows.storage.dll
0x00007ff9b6d00000 - 0x00007ff9b7055000 	C:\WINDOWS\System32\combase.dll
0x00007ff9b47f0000 - 0x00007ff9b481c000 	C:\WINDOWS\SYSTEM32\Wldp.dll
0x00007ff9b5ed0000 - 0x00007ff9b5f7e000 	C:\WINDOWS\System32\SHCORE.dll
0x00007ff9b6420000 - 0x00007ff9b6475000 	C:\WINDOWS\System32\shlwapi.dll
0x00007ff9b4d90000 - 0x00007ff9b4daf000 	C:\WINDOWS\SYSTEM32\profapi.dll
0x00007ff986800000 - 0x00007ff98681a000 	C:\Program Files\Android\Android Studio\jre\jre\bin\net.dll
0x00007ff9b4560000 - 0x00007ff9b45ca000 	C:\WINDOWS\system32\mswsock.dll
0x00007ff9867e0000 - 0x00007ff9867f3000 	C:\Program Files\Android\Android Studio\jre\jre\bin\nio.dll
0x00007ff986890000 - 0x00007ff9868b6000 	C:\Users\Lenovo\.gradle\native\31\windows-amd64\native-platform.dll
0x00007ff9ade80000 - 0x00007ff9ade8d000 	C:\Program Files\Android\Android Studio\jre\jre\bin\management.dll
0x00007ff9b4730000 - 0x00007ff9b4748000 	C:\WINDOWS\SYSTEM32\CRYPTSP.dll
0x00007ff9b3f00000 - 0x00007ff9b3f34000 	C:\WINDOWS\system32\rsaenh.dll
0x00007ff9b5380000 - 0x00007ff9b53a7000 	C:\WINDOWS\System32\bcrypt.dll
0x00007ff9b4d10000 - 0x00007ff9b4d3e000 	C:\WINDOWS\SYSTEM32\USERENV.dll
0x00007ff9b4eb0000 - 0x00007ff9b4f30000 	C:\WINDOWS\System32\bcryptprimitives.dll
0x00007ff9b4750000 - 0x00007ff9b475c000 	C:\WINDOWS\SYSTEM32\CRYPTBASE.dll
0x00007ff9b4250000 - 0x00007ff9b428b000 	C:\WINDOWS\SYSTEM32\IPHLPAPI.DLL
0x00007ff9b57d0000 - 0x00007ff9b57d8000 	C:\WINDOWS\System32\NSI.dll
0x00007ff9a9880000 - 0x00007ff9a9897000 	C:\WINDOWS\SYSTEM32\dhcpcsvc6.DLL
0x00007ff9a9860000 - 0x00007ff9a987d000 	C:\WINDOWS\SYSTEM32\dhcpcsvc.DLL
0x00007ff9b4290000 - 0x00007ff9b435c000 	C:\WINDOWS\SYSTEM32\DNSAPI.dll
0x00007ff9861f0000 - 0x00007ff986214000 	C:\Program Files\Android\Android Studio\jre\jre\bin\sunec.dll
0x00007ff9ab450000 - 0x00007ff9ab45a000 	C:\Windows\System32\rasadhlp.dll
0x00007ff9a36f0000 - 0x00007ff9a376f000 	C:\WINDOWS\System32\fwpuclnt.dll
0x00007ff9add20000 - 0x00007ff9add2b000 	C:\Program Files\Android\Android Studio\jre\jre\bin\sunmscapi.dll
0x00007ff9b5070000 - 0x00007ff9b51cf000 	C:\WINDOWS\System32\CRYPT32.dll
0x00007ff9b3bd0000 - 0x00007ff9b3c03000 	C:\WINDOWS\SYSTEM32\ntmarta.dll

VM Arguments:
jvm_args: -Xmx2048m -Dfile.encoding=windows-1254 -Duser.country=TR -Duser.language=tr -Duser.variant 
java_command: org.gradle.launcher.daemon.bootstrap.GradleDaemon 6.1.1
java_class_path (initial): C:\Users\Lenovo\.gradle\wrapper\dists\gradle-6.1.1-all\cfmwm155h49vnt3hynmlrsdst\gradle-6.1.1\lib\gradle-launcher-6.1.1.jar
Launcher Type: SUN_STANDARD

Environment Variables:
JAVA_HOME=C:\Program Files\Java\jdk1.8.0_111
PATH=C:\Program Files (x86)\NVIDIA Corporation\PhysX\Common;C:\ProgramData\Oracle\Java\javapath;C:\Program Files (x86)\Common Files\Oracle\Java\javapath;C:\WINDOWS\system32;C:\WINDOWS;C:\Program Files\Java\jdk1.8.0_111\bin;C:\WINDOWS\System32\Wbem;C:\WINDOWS\System32\WindowsPowerShell\v1.0\;C:\WINDOWS\System32\OpenSSH\;C:\wamp64\bin\php\php7.1.33;C:\ProgramData\ComposerSetup\bin;C:\ProgramData\chocolatey\bin;C:\Program Files\MATLAB\R2021a\bin;C:\Users\Lenovo\AppData\Local\Microsoft\WindowsApps;C:\Users\Lenovo\AppData\Roaming\Composer\vendor\bin;C:\Users\Lenovo\AppData\Roaming\cabal\bin;C:\Program Files (x86)\Google\Chrome\Application;C:\Program Files (x86)\Google\Chrome\Application\chromedriver.exe;
USERNAME=Lenovo
OS=Windows_NT
PROCESSOR_IDENTIFIER=Intel64 Family 6 Model 142 Stepping 12, GenuineIntel



---------------  S Y S T E M  ---------------

OS: Windows 10.0 , 64 bit Build 19041 (10.0.19041.928)

CPU:total 4 (initial active 4) (2 cores per cpu, 2 threads per core) family 6 model 142 stepping 12, cmov, cx8, fxsr, mmx, sse, sse2, sse3, ssse3, sse4.1, sse4.2, popcnt, aes, clmul, erms, 3dnowpref, lzcnt, ht, tsc, tscinvbit

Memory: 4k page, physical 4071668k(141116k free), swap 16654580k(8492k free)

vm_info: OpenJDK 64-Bit Server VM (25.242-b01) for windows-amd64 JRE (1.8.0_242-release-1644-b01), built by "builder" with MS VC++ 10.0 (VS2010)

time: Sun May 09 06:11:38 2021
timezone: Türkiye Standart Saati
elapsed time: 1929 seconds (0d 0h 32m 9s)

